04-Oct-2021 22:54:21.883 INFO [main] org.apache.catalina.startup.VersionLoggerListener.log Server version name:   Apache Tomcat/9.0.52
04-Oct-2021 22:54:21.889 INFO [main] org.apache.catalina.startup.VersionLoggerListener.log Server built:          Jul 31 2021 04:12:17 UTC
04-Oct-2021 22:54:21.889 INFO [main] org.apache.catalina.startup.VersionLoggerListener.log Server version number: 9.0.52.0
04-Oct-2021 22:54:21.890 INFO [main] org.apache.catalina.startup.VersionLoggerListener.log OS Name:               Windows 10
04-Oct-2021 22:54:21.890 INFO [main] org.apache.catalina.startup.VersionLoggerListener.log OS Version:            10.0
04-Oct-2021 22:54:21.890 INFO [main] org.apache.catalina.startup.VersionLoggerListener.log Architecture:          amd64
04-Oct-2021 22:54:21.890 INFO [main] org.apache.catalina.startup.VersionLoggerListener.log Java Home:             C:\Program Files\Java\jdk-16.0.2
04-Oct-2021 22:54:21.890 INFO [main] org.apache.catalina.startup.VersionLoggerListener.log JVM Version:           16.0.2+7-67
04-Oct-2021 22:54:21.890 INFO [main] org.apache.catalina.startup.VersionLoggerListener.log JVM Vendor:            Oracle Corporation
04-Oct-2021 22:54:21.891 INFO [main] org.apache.catalina.startup.VersionLoggerListener.log CATALINA_BASE:         C:\Tomcat
04-Oct-2021 22:54:21.891 INFO [main] org.apache.catalina.startup.VersionLoggerListener.log CATALINA_HOME:         C:\Tomcat
04-Oct-2021 22:54:21.915 INFO [main] org.apache.catalina.startup.VersionLoggerListener.log Command line argument: --add-opens=java.base/java.lang=ALL-UNNAMED
04-Oct-2021 22:54:21.915 INFO [main] org.apache.catalina.startup.VersionLoggerListener.log Command line argument: --add-opens=java.base/java.io=ALL-UNNAMED
04-Oct-2021 22:54:21.915 INFO [main] org.apache.catalina.startup.VersionLoggerListener.log Command line argument: --add-opens=java.base/java.util=ALL-UNNAMED
04-Oct-2021 22:54:21.915 INFO [main] org.apache.catalina.startup.VersionLoggerListener.log Command line argument: --add-opens=java.base/java.util.concurrent=ALL-UNNAMED
04-Oct-2021 22:54:21.916 INFO [main] org.apache.catalina.startup.VersionLoggerListener.log Command line argument: --add-opens=java.rmi/sun.rmi.transport=ALL-UNNAMED
04-Oct-2021 22:54:21.916 INFO [main] org.apache.catalina.startup.VersionLoggerListener.log Command line argument: -Djava.util.logging.config.file=C:\Tomcat\conf\logging.properties
04-Oct-2021 22:54:21.917 INFO [main] org.apache.catalina.startup.VersionLoggerListener.log Command line argument: -Djava.util.logging.manager=org.apache.juli.ClassLoaderLogManager
04-Oct-2021 22:54:21.917 INFO [main] org.apache.catalina.startup.VersionLoggerListener.log Command line argument: -Djdk.tls.ephemeralDHKeySize=2048
04-Oct-2021 22:54:21.917 INFO [main] org.apache.catalina.startup.VersionLoggerListener.log Command line argument: -Djava.protocol.handler.pkgs=org.apache.catalina.webresources
04-Oct-2021 22:54:21.918 INFO [main] org.apache.catalina.startup.VersionLoggerListener.log Command line argument: -Dignore.endorsed.dirs=
04-Oct-2021 22:54:21.918 INFO [main] org.apache.catalina.startup.VersionLoggerListener.log Command line argument: -Dcatalina.base=C:\Tomcat
04-Oct-2021 22:54:21.918 INFO [main] org.apache.catalina.startup.VersionLoggerListener.log Command line argument: -Dcatalina.home=C:\Tomcat
04-Oct-2021 22:54:21.919 INFO [main] org.apache.catalina.startup.VersionLoggerListener.log Command line argument: -Djava.io.tmpdir=C:\Tomcat\temp
04-Oct-2021 22:54:21.930 INFO [main] org.apache.catalina.core.AprLifecycleListener.lifecycleEvent Loaded Apache Tomcat Native library [1.2.30] using APR version [1.7.0].
04-Oct-2021 22:54:21.930 INFO [main] org.apache.catalina.core.AprLifecycleListener.lifecycleEvent APR capabilities: IPv6 [true], sendfile [true], accept filters [false], random [true], UDS [true].
04-Oct-2021 22:54:21.930 INFO [main] org.apache.catalina.core.AprLifecycleListener.lifecycleEvent APR/OpenSSL configuration: useAprConnector [false], useOpenSSL [true]
04-Oct-2021 22:54:21.953 INFO [main] org.apache.catalina.core.AprLifecycleListener.initializeSSL OpenSSL successfully initialized [OpenSSL 1.1.1k  25 Mar 2021]
04-Oct-2021 22:54:22.290 INFO [main] org.apache.coyote.AbstractProtocol.init Initializing ProtocolHandler ["http-nio-8080"]
04-Oct-2021 22:54:22.324 INFO [main] org.apache.catalina.startup.Catalina.load Server initialization in [674] milliseconds
04-Oct-2021 22:54:22.383 INFO [main] org.apache.catalina.core.StandardService.startInternal Starting service [Catalina]
04-Oct-2021 22:54:22.384 INFO [main] org.apache.catalina.core.StandardEngine.startInternal Starting Servlet engine: [Apache Tomcat/9.0.52]
04-Oct-2021 22:54:22.396 INFO [main] org.apache.catalina.startup.HostConfig.deployDirectory Deploying web application directory [C:\Tomcat\webapps\docs]
04-Oct-2021 22:54:22.726 INFO [main] org.apache.catalina.startup.HostConfig.deployDirectory Deployment of web application directory [C:\Tomcat\webapps\docs] has finished in [330] ms
04-Oct-2021 22:54:22.727 INFO [main] org.apache.catalina.startup.HostConfig.deployDirectory Deploying web application directory [C:\Tomcat\webapps\examples]
04-Oct-2021 22:54:23.462 INFO [main] org.apache.catalina.startup.HostConfig.deployDirectory Deployment of web application directory [C:\Tomcat\webapps\examples] has finished in [735] ms
04-Oct-2021 22:54:23.462 INFO [main] org.apache.catalina.startup.HostConfig.deployDirectory Deploying web application directory [C:\Tomcat\webapps\host-manager]
04-Oct-2021 22:54:23.511 INFO [main] org.apache.catalina.startup.HostConfig.deployDirectory Deployment of web application directory [C:\Tomcat\webapps\host-manager] has finished in [49] ms
04-Oct-2021 22:54:23.511 INFO [main] org.apache.catalina.startup.HostConfig.deployDirectory Deploying web application directory [C:\Tomcat\webapps\manager]
04-Oct-2021 22:54:23.552 INFO [main] org.apache.catalina.startup.HostConfig.deployDirectory Deployment of web application directory [C:\Tomcat\webapps\manager] has finished in [41] ms
04-Oct-2021 22:54:23.553 INFO [main] org.apache.catalina.startup.HostConfig.deployDirectory Deploying web application directory [C:\Tomcat\webapps\ROOT]
04-Oct-2021 22:54:23.576 INFO [main] org.apache.catalina.startup.HostConfig.deployDirectory Deployment of web application directory [C:\Tomcat\webapps\ROOT] has finished in [23] ms
04-Oct-2021 22:54:23.579 INFO [main] org.apache.coyote.AbstractProtocol.start Starting ProtocolHandler ["http-nio-8080"]
04-Oct-2021 22:54:23.679 INFO [main] org.apache.catalina.startup.Catalina.start Server startup in [1353] milliseconds
04-Oct-2021 22:57:03.652 INFO [Catalina-utility-2] org.apache.catalina.startup.HostConfig.deployDirectory Deploying web application directory [C:\Tomcat\webapps\app]
04-Oct-2021 22:57:03.682 INFO [Catalina-utility-2] org.apache.catalina.startup.HostConfig.deployDirectory Deployment of web application directory [C:\Tomcat\webapps\app] has finished in [31] ms
04-Oct-2021 23:04:29.343 INFO [main] org.apache.catalina.startup.VersionLoggerListener.log Server version name:   Apache Tomcat/9.0.52
04-Oct-2021 23:04:29.348 INFO [main] org.apache.catalina.startup.VersionLoggerListener.log Server built:          Jul 31 2021 04:12:17 UTC
04-Oct-2021 23:04:29.349 INFO [main] org.apache.catalina.startup.VersionLoggerListener.log Server version number: 9.0.52.0
04-Oct-2021 23:04:29.349 INFO [main] org.apache.catalina.startup.VersionLoggerListener.log OS Name:               Windows 10
04-Oct-2021 23:04:29.349 INFO [main] org.apache.catalina.startup.VersionLoggerListener.log OS Version:            10.0
04-Oct-2021 23:04:29.349 INFO [main] org.apache.catalina.startup.VersionLoggerListener.log Architecture:          amd64
04-Oct-2021 23:04:29.349 INFO [main] org.apache.catalina.startup.VersionLoggerListener.log Java Home:             C:\Program Files\Java\jdk-16.0.2
04-Oct-2021 23:04:29.349 INFO [main] org.apache.catalina.startup.VersionLoggerListener.log JVM Version:           16.0.2+7-67
04-Oct-2021 23:04:29.350 INFO [main] org.apache.catalina.startup.VersionLoggerListener.log JVM Vendor:            Oracle Corporation
04-Oct-2021 23:04:29.350 INFO [main] org.apache.catalina.startup.VersionLoggerListener.log CATALINA_BASE:         C:\Tomcat
04-Oct-2021 23:04:29.350 INFO [main] org.apache.catalina.startup.VersionLoggerListener.log CATALINA_HOME:         C:\Tomcat
04-Oct-2021 23:04:29.365 INFO [main] org.apache.catalina.startup.VersionLoggerListener.log Command line argument: --add-opens=java.base/java.lang=ALL-UNNAMED
04-Oct-2021 23:04:29.365 INFO [main] org.apache.catalina.startup.VersionLoggerListener.log Command line argument: --add-opens=java.base/java.io=ALL-UNNAMED
04-Oct-2021 23:04:29.365 INFO [main] org.apache.catalina.startup.VersionLoggerListener.log Command line argument: --add-opens=java.base/java.util=ALL-UNNAMED
04-Oct-2021 23:04:29.366 INFO [main] org.apache.catalina.startup.VersionLoggerListener.log Command line argument: --add-opens=java.base/java.util.concurrent=ALL-UNNAMED
04-Oct-2021 23:04:29.367 INFO [main] org.apache.catalina.startup.VersionLoggerListener.log Command line argument: --add-opens=java.rmi/sun.rmi.transport=ALL-UNNAMED
04-Oct-2021 23:04:29.369 INFO [main] org.apache.catalina.startup.VersionLoggerListener.log Command line argument: -Djava.util.logging.config.file=C:\Tomcat\conf\logging.properties
04-Oct-2021 23:04:29.370 INFO [main] org.apache.catalina.startup.VersionLoggerListener.log Command line argument: -Djava.util.logging.manager=org.apache.juli.ClassLoaderLogManager
04-Oct-2021 23:04:29.371 INFO [main] org.apache.catalina.startup.VersionLoggerListener.log Command line argument: -Djdk.tls.ephemeralDHKeySize=2048
04-Oct-2021 23:04:29.371 INFO [main] org.apache.catalina.startup.VersionLoggerListener.log Command line argument: -Djava.protocol.handler.pkgs=org.apache.catalina.webresources
04-Oct-2021 23:04:29.372 INFO [main] org.apache.catalina.startup.VersionLoggerListener.log Command line argument: -Dignore.endorsed.dirs=
04-Oct-2021 23:04:29.373 INFO [main] org.apache.catalina.startup.VersionLoggerListener.log Command line argument: -Dcatalina.base=C:\Tomcat
04-Oct-2021 23:04:29.375 INFO [main] org.apache.catalina.startup.VersionLoggerListener.log Command line argument: -Dcatalina.home=C:\Tomcat
04-Oct-2021 23:04:29.375 INFO [main] org.apache.catalina.startup.VersionLoggerListener.log Command line argument: -Djava.io.tmpdir=C:\Tomcat\temp
04-Oct-2021 23:04:29.380 INFO [main] org.apache.catalina.core.AprLifecycleListener.lifecycleEvent Loaded Apache Tomcat Native library [1.2.30] using APR version [1.7.0].
04-Oct-2021 23:04:29.380 INFO [main] org.apache.catalina.core.AprLifecycleListener.lifecycleEvent APR capabilities: IPv6 [true], sendfile [true], accept filters [false], random [true], UDS [true].
04-Oct-2021 23:04:29.381 INFO [main] org.apache.catalina.core.AprLifecycleListener.lifecycleEvent APR/OpenSSL configuration: useAprConnector [false], useOpenSSL [true]
04-Oct-2021 23:04:29.390 INFO [main] org.apache.catalina.core.AprLifecycleListener.initializeSSL OpenSSL successfully initialized [OpenSSL 1.1.1k  25 Mar 2021]
04-Oct-2021 23:04:29.663 INFO [main] org.apache.coyote.AbstractProtocol.init Initializing ProtocolHandler ["http-nio-8080"]
04-Oct-2021 23:04:29.682 SEVERE [main] org.apache.catalina.util.LifecycleBase.handleSubClassException Failed to initialize component [Connector[HTTP/1.1-8080]]
	org.apache.catalina.LifecycleException: Protocol handler initialization failed
		at org.apache.catalina.connector.Connector.initInternal(Connector.java:1049)
		at org.apache.catalina.util.LifecycleBase.init(LifecycleBase.java:136)
		at org.apache.catalina.core.StandardService.initInternal(StandardService.java:556)
		at org.apache.catalina.util.LifecycleBase.init(LifecycleBase.java:136)
		at org.apache.catalina.core.StandardServer.initInternal(StandardServer.java:1042)
		at org.apache.catalina.util.LifecycleBase.init(LifecycleBase.java:136)
		at org.apache.catalina.startup.Catalina.load(Catalina.java:724)
		at org.apache.catalina.startup.Catalina.start(Catalina.java:760)
		at java.base/jdk.internal.reflect.NativeMethodAccessorImpl.invoke0(Native Method)
		at java.base/jdk.internal.reflect.NativeMethodAccessorImpl.invoke(NativeMethodAccessorImpl.java:78)
		at java.base/jdk.internal.reflect.DelegatingMethodAccessorImpl.invoke(DelegatingMethodAccessorImpl.java:43)
		at java.base/java.lang.reflect.Method.invoke(Method.java:567)
		at org.apache.catalina.startup.Bootstrap.start(Bootstrap.java:345)
		at org.apache.catalina.startup.Bootstrap.main(Bootstrap.java:476)
	Caused by: java.net.BindException: Address already in use: bind
		at java.base/sun.nio.ch.Net.bind0(Native Method)
		at java.base/sun.nio.ch.Net.bind(Net.java:552)
		at java.base/sun.nio.ch.ServerSocketChannelImpl.netBind(ServerSocketChannelImpl.java:336)
		at java.base/sun.nio.ch.ServerSocketChannelImpl.bind(ServerSocketChannelImpl.java:294)
		at org.apache.tomcat.util.net.NioEndpoint.initServerSocket(NioEndpoint.java:271)
		at org.apache.tomcat.util.net.NioEndpoint.bind(NioEndpoint.java:226)
		at org.apache.tomcat.util.net.AbstractEndpoint.bindWithCleanup(AbstractEndpoint.java:1208)
		at org.apache.tomcat.util.net.AbstractEndpoint.init(AbstractEndpoint.java:1221)
		at org.apache.coyote.AbstractProtocol.init(AbstractProtocol.java:603)
		at org.apache.coyote.http11.AbstractHttp11Protocol.init(AbstractHttp11Protocol.java:80)
		at org.apache.catalina.connector.Connector.initInternal(Connector.java:1046)
		... 13 more
04-Oct-2021 23:04:29.683 INFO [main] org.apache.catalina.startup.Catalina.load Server initialization in [522] milliseconds
04-Oct-2021 23:04:29.732 INFO [main] org.apache.catalina.core.StandardService.startInternal Starting service [Catalina]
04-Oct-2021 23:04:29.732 INFO [main] org.apache.catalina.core.StandardEngine.startInternal Starting Servlet engine: [Apache Tomcat/9.0.52]
04-Oct-2021 23:04:29.744 INFO [main] org.apache.catalina.startup.HostConfig.deployDirectory Deploying web application directory [C:\Tomcat\webapps\app]
04-Oct-2021 23:04:30.068 INFO [main] org.apache.catalina.startup.HostConfig.deployDirectory Deployment of web application directory [C:\Tomcat\webapps\app] has finished in [324] ms
04-Oct-2021 23:04:30.069 INFO [main] org.apache.catalina.startup.HostConfig.deployDirectory Deploying web application directory [C:\Tomcat\webapps\docs]
04-Oct-2021 23:04:30.097 INFO [main] org.apache.catalina.startup.HostConfig.deployDirectory Deployment of web application directory [C:\Tomcat\webapps\docs] has finished in [28] ms
04-Oct-2021 23:04:30.098 INFO [main] org.apache.catalina.startup.HostConfig.deployDirectory Deploying web application directory [C:\Tomcat\webapps\examples]
04-Oct-2021 23:04:30.534 INFO [main] org.apache.catalina.startup.HostConfig.deployDirectory Deployment of web application directory [C:\Tomcat\webapps\examples] has finished in [436] ms
04-Oct-2021 23:04:30.534 INFO [main] org.apache.catalina.startup.HostConfig.deployDirectory Deploying web application directory [C:\Tomcat\webapps\host-manager]
04-Oct-2021 23:04:30.575 INFO [main] org.apache.catalina.startup.HostConfig.deployDirectory Deployment of web application directory [C:\Tomcat\webapps\host-manager] has finished in [41] ms
04-Oct-2021 23:04:30.575 INFO [main] org.apache.catalina.startup.HostConfig.deployDirectory Deploying web application directory [C:\Tomcat\webapps\manager]
04-Oct-2021 23:04:30.612 INFO [main] org.apache.catalina.startup.HostConfig.deployDirectory Deployment of web application directory [C:\Tomcat\webapps\manager] has finished in [37] ms
04-Oct-2021 23:04:30.613 INFO [main] org.apache.catalina.startup.HostConfig.deployDirectory Deploying web application directory [C:\Tomcat\webapps\ROOT]
04-Oct-2021 23:04:30.640 INFO [main] org.apache.catalina.startup.HostConfig.deployDirectory Deployment of web application directory [C:\Tomcat\webapps\ROOT] has finished in [27] ms
04-Oct-2021 23:04:30.645 INFO [main] org.apache.catalina.startup.Catalina.start Server startup in [958] milliseconds
04-Oct-2021 23:04:30.652 SEVERE [main] org.apache.catalina.core.StandardServer.await Failed to create server shutdown socket on address [localhost] and port [8005] (base port [8005] and offset [0])
	java.net.BindException: Address already in use: bind
		at java.base/sun.nio.ch.Net.bind0(Native Method)
		at java.base/sun.nio.ch.Net.bind(Net.java:552)
		at java.base/sun.nio.ch.Net.bind(Net.java:541)
		at java.base/sun.nio.ch.NioSocketImpl.bind(NioSocketImpl.java:643)
		at java.base/java.net.ServerSocket.bind(ServerSocket.java:395)
		at java.base/java.net.ServerSocket.<init>(ServerSocket.java:281)
		at org.apache.catalina.core.StandardServer.await(StandardServer.java:577)
		at org.apache.catalina.startup.Catalina.await(Catalina.java:864)
		at org.apache.catalina.startup.Catalina.start(Catalina.java:810)
		at java.base/jdk.internal.reflect.NativeMethodAccessorImpl.invoke0(Native Method)
		at java.base/jdk.internal.reflect.NativeMethodAccessorImpl.invoke(NativeMethodAccessorImpl.java:78)
		at java.base/jdk.internal.reflect.DelegatingMethodAccessorImpl.invoke(DelegatingMethodAccessorImpl.java:43)
		at java.base/java.lang.reflect.Method.invoke(Method.java:567)
		at org.apache.catalina.startup.Bootstrap.start(Bootstrap.java:345)
		at org.apache.catalina.startup.Bootstrap.main(Bootstrap.java:476)
04-Oct-2021 23:04:30.653 INFO [main] org.apache.coyote.AbstractProtocol.pause Pausing ProtocolHandler ["http-nio-8080"]
04-Oct-2021 23:04:30.654 INFO [main] org.apache.catalina.core.StandardService.stopInternal Stopping service [Catalina]
04-Oct-2021 23:04:30.680 INFO [main] org.apache.coyote.AbstractProtocol.stop Stopping ProtocolHandler ["http-nio-8080"]
04-Oct-2021 23:04:30.682 INFO [main] org.apache.coyote.AbstractProtocol.destroy Destroying ProtocolHandler ["http-nio-8080"]
04-Oct-2021 23:04:47.236 INFO [Thread-2] org.apache.coyote.AbstractProtocol.pause Pausing ProtocolHandler ["http-nio-8080"]
04-Oct-2021 23:04:47.257 INFO [Thread-2] org.apache.catalina.core.StandardService.stopInternal Stopping service [Catalina]
04-Oct-2021 23:04:47.278 INFO [Thread-2] org.apache.coyote.AbstractProtocol.stop Stopping ProtocolHandler ["http-nio-8080"]
04-Oct-2021 23:04:47.303 INFO [Thread-2] org.apache.coyote.AbstractProtocol.destroy Destroying ProtocolHandler ["http-nio-8080"]
04-Oct-2021 23:05:06.112 INFO [main] org.apache.catalina.startup.VersionLoggerListener.log Server version name:   Apache Tomcat/9.0.52
04-Oct-2021 23:05:06.115 INFO [main] org.apache.catalina.startup.VersionLoggerListener.log Server built:          Jul 31 2021 04:12:17 UTC
04-Oct-2021 23:05:06.116 INFO [main] org.apache.catalina.startup.VersionLoggerListener.log Server version number: 9.0.52.0
04-Oct-2021 23:05:06.116 INFO [main] org.apache.catalina.startup.VersionLoggerListener.log OS Name:               Windows 10
04-Oct-2021 23:05:06.116 INFO [main] org.apache.catalina.startup.VersionLoggerListener.log OS Version:            10.0
04-Oct-2021 23:05:06.116 INFO [main] org.apache.catalina.startup.VersionLoggerListener.log Architecture:          amd64
04-Oct-2021 23:05:06.117 INFO [main] org.apache.catalina.startup.VersionLoggerListener.log Java Home:             C:\Program Files\Java\jdk-16.0.2
04-Oct-2021 23:05:06.117 INFO [main] org.apache.catalina.startup.VersionLoggerListener.log JVM Version:           16.0.2+7-67
04-Oct-2021 23:05:06.117 INFO [main] org.apache.catalina.startup.VersionLoggerListener.log JVM Vendor:            Oracle Corporation
04-Oct-2021 23:05:06.117 INFO [main] org.apache.catalina.startup.VersionLoggerListener.log CATALINA_BASE:         C:\Tomcat
04-Oct-2021 23:05:06.117 INFO [main] org.apache.catalina.startup.VersionLoggerListener.log CATALINA_HOME:         C:\Tomcat
04-Oct-2021 23:05:06.130 INFO [main] org.apache.catalina.startup.VersionLoggerListener.log Command line argument: --add-opens=java.base/java.lang=ALL-UNNAMED
04-Oct-2021 23:05:06.131 INFO [main] org.apache.catalina.startup.VersionLoggerListener.log Command line argument: --add-opens=java.base/java.io=ALL-UNNAMED
04-Oct-2021 23:05:06.131 INFO [main] org.apache.catalina.startup.VersionLoggerListener.log Command line argument: --add-opens=java.base/java.util=ALL-UNNAMED
04-Oct-2021 23:05:06.131 INFO [main] org.apache.catalina.startup.VersionLoggerListener.log Command line argument: --add-opens=java.base/java.util.concurrent=ALL-UNNAMED
04-Oct-2021 23:05:06.131 INFO [main] org.apache.catalina.startup.VersionLoggerListener.log Command line argument: --add-opens=java.rmi/sun.rmi.transport=ALL-UNNAMED
04-Oct-2021 23:05:06.132 INFO [main] org.apache.catalina.startup.VersionLoggerListener.log Command line argument: -Djava.util.logging.config.file=C:\Tomcat\conf\logging.properties
04-Oct-2021 23:05:06.132 INFO [main] org.apache.catalina.startup.VersionLoggerListener.log Command line argument: -Djava.util.logging.manager=org.apache.juli.ClassLoaderLogManager
04-Oct-2021 23:05:06.133 INFO [main] org.apache.catalina.startup.VersionLoggerListener.log Command line argument: -Djdk.tls.ephemeralDHKeySize=2048
04-Oct-2021 23:05:06.133 INFO [main] org.apache.catalina.startup.VersionLoggerListener.log Command line argument: -Djava.protocol.handler.pkgs=org.apache.catalina.webresources
04-Oct-2021 23:05:06.133 INFO [main] org.apache.catalina.startup.VersionLoggerListener.log Command line argument: -Dignore.endorsed.dirs=
04-Oct-2021 23:05:06.134 INFO [main] org.apache.catalina.startup.VersionLoggerListener.log Command line argument: -Dcatalina.base=C:\Tomcat
04-Oct-2021 23:05:06.134 INFO [main] org.apache.catalina.startup.VersionLoggerListener.log Command line argument: -Dcatalina.home=C:\Tomcat
04-Oct-2021 23:05:06.135 INFO [main] org.apache.catalina.startup.VersionLoggerListener.log Command line argument: -Djava.io.tmpdir=C:\Tomcat\temp
04-Oct-2021 23:05:06.142 INFO [main] org.apache.catalina.core.AprLifecycleListener.lifecycleEvent Loaded Apache Tomcat Native library [1.2.30] using APR version [1.7.0].
04-Oct-2021 23:05:06.143 INFO [main] org.apache.catalina.core.AprLifecycleListener.lifecycleEvent APR capabilities: IPv6 [true], sendfile [true], accept filters [false], random [true], UDS [true].
04-Oct-2021 23:05:06.143 INFO [main] org.apache.catalina.core.AprLifecycleListener.lifecycleEvent APR/OpenSSL configuration: useAprConnector [false], useOpenSSL [true]
04-Oct-2021 23:05:06.149 INFO [main] org.apache.catalina.core.AprLifecycleListener.initializeSSL OpenSSL successfully initialized [OpenSSL 1.1.1k  25 Mar 2021]
04-Oct-2021 23:05:06.410 INFO [main] org.apache.coyote.AbstractProtocol.init Initializing ProtocolHandler ["http-nio-8080"]
04-Oct-2021 23:05:06.444 INFO [main] org.apache.catalina.startup.Catalina.load Server initialization in [496] milliseconds
04-Oct-2021 23:05:06.500 INFO [main] org.apache.catalina.core.StandardService.startInternal Starting service [Catalina]
04-Oct-2021 23:05:06.500 INFO [main] org.apache.catalina.core.StandardEngine.startInternal Starting Servlet engine: [Apache Tomcat/9.0.52]
04-Oct-2021 23:05:06.515 INFO [main] org.apache.catalina.startup.HostConfig.deployDirectory Deploying web application directory [C:\Tomcat\webapps\app]
04-Oct-2021 23:05:06.851 INFO [main] org.apache.catalina.startup.HostConfig.deployDirectory Deployment of web application directory [C:\Tomcat\webapps\app] has finished in [336] ms
04-Oct-2021 23:05:06.852 INFO [main] org.apache.catalina.startup.HostConfig.deployDirectory Deploying web application directory [C:\Tomcat\webapps\docs]
04-Oct-2021 23:05:06.880 INFO [main] org.apache.catalina.startup.HostConfig.deployDirectory Deployment of web application directory [C:\Tomcat\webapps\docs] has finished in [28] ms
04-Oct-2021 23:05:06.881 INFO [main] org.apache.catalina.startup.HostConfig.deployDirectory Deploying web application directory [C:\Tomcat\webapps\examples]
04-Oct-2021 23:05:07.301 INFO [main] org.apache.catalina.startup.HostConfig.deployDirectory Deployment of web application directory [C:\Tomcat\webapps\examples] has finished in [420] ms
04-Oct-2021 23:05:07.302 INFO [main] org.apache.catalina.startup.HostConfig.deployDirectory Deploying web application directory [C:\Tomcat\webapps\host-manager]
04-Oct-2021 23:05:07.345 INFO [main] org.apache.catalina.startup.HostConfig.deployDirectory Deployment of web application directory [C:\Tomcat\webapps\host-manager] has finished in [44] ms
04-Oct-2021 23:05:07.345 INFO [main] org.apache.catalina.startup.HostConfig.deployDirectory Deploying web application directory [C:\Tomcat\webapps\manager]
04-Oct-2021 23:05:07.383 INFO [main] org.apache.catalina.startup.HostConfig.deployDirectory Deployment of web application directory [C:\Tomcat\webapps\manager] has finished in [38] ms
04-Oct-2021 23:05:07.384 INFO [main] org.apache.catalina.startup.HostConfig.deployDirectory Deploying web application directory [C:\Tomcat\webapps\ROOT]
04-Oct-2021 23:05:07.410 INFO [main] org.apache.catalina.startup.HostConfig.deployDirectory Deployment of web application directory [C:\Tomcat\webapps\ROOT] has finished in [26] ms
04-Oct-2021 23:05:07.415 INFO [main] org.apache.coyote.AbstractProtocol.start Starting ProtocolHandler ["http-nio-8080"]
04-Oct-2021 23:05:07.491 INFO [main] org.apache.catalina.startup.Catalina.start Server startup in [1046] milliseconds
04-Oct-2021 23:36:09.441 INFO [main] org.apache.catalina.startup.VersionLoggerListener.log Server version name:   Apache Tomcat/9.0.52
04-Oct-2021 23:36:09.445 INFO [main] org.apache.catalina.startup.VersionLoggerListener.log Server built:          Jul 31 2021 04:12:17 UTC
04-Oct-2021 23:36:09.445 INFO [main] org.apache.catalina.startup.VersionLoggerListener.log Server version number: 9.0.52.0
04-Oct-2021 23:36:09.445 INFO [main] org.apache.catalina.startup.VersionLoggerListener.log OS Name:               Windows 10
04-Oct-2021 23:36:09.445 INFO [main] org.apache.catalina.startup.VersionLoggerListener.log OS Version:            10.0
04-Oct-2021 23:36:09.445 INFO [main] org.apache.catalina.startup.VersionLoggerListener.log Architecture:          amd64
04-Oct-2021 23:36:09.446 INFO [main] org.apache.catalina.startup.VersionLoggerListener.log Java Home:             C:\Program Files\Java\jdk-16.0.2
04-Oct-2021 23:36:09.446 INFO [main] org.apache.catalina.startup.VersionLoggerListener.log JVM Version:           16.0.2+7-67
04-Oct-2021 23:36:09.446 INFO [main] org.apache.catalina.startup.VersionLoggerListener.log JVM Vendor:            Oracle Corporation
04-Oct-2021 23:36:09.446 INFO [main] org.apache.catalina.startup.VersionLoggerListener.log CATALINA_BASE:         C:\Tomcat
04-Oct-2021 23:36:09.446 INFO [main] org.apache.catalina.startup.VersionLoggerListener.log CATALINA_HOME:         C:\Tomcat
04-Oct-2021 23:36:09.458 INFO [main] org.apache.catalina.startup.VersionLoggerListener.log Command line argument: --add-opens=java.base/java.lang=ALL-UNNAMED
04-Oct-2021 23:36:09.458 INFO [main] org.apache.catalina.startup.VersionLoggerListener.log Command line argument: --add-opens=java.base/java.io=ALL-UNNAMED
04-Oct-2021 23:36:09.458 INFO [main] org.apache.catalina.startup.VersionLoggerListener.log Command line argument: --add-opens=java.base/java.util=ALL-UNNAMED
04-Oct-2021 23:36:09.458 INFO [main] org.apache.catalina.startup.VersionLoggerListener.log Command line argument: --add-opens=java.base/java.util.concurrent=ALL-UNNAMED
04-Oct-2021 23:36:09.459 INFO [main] org.apache.catalina.startup.VersionLoggerListener.log Command line argument: --add-opens=java.rmi/sun.rmi.transport=ALL-UNNAMED
04-Oct-2021 23:36:09.459 INFO [main] org.apache.catalina.startup.VersionLoggerListener.log Command line argument: -Djava.util.logging.config.file=C:\Tomcat\conf\logging.properties
04-Oct-2021 23:36:09.460 INFO [main] org.apache.catalina.startup.VersionLoggerListener.log Command line argument: -Djava.util.logging.manager=org.apache.juli.ClassLoaderLogManager
04-Oct-2021 23:36:09.460 INFO [main] org.apache.catalina.startup.VersionLoggerListener.log Command line argument: -Djdk.tls.ephemeralDHKeySize=2048
04-Oct-2021 23:36:09.460 INFO [main] org.apache.catalina.startup.VersionLoggerListener.log Command line argument: -Djava.protocol.handler.pkgs=org.apache.catalina.webresources
04-Oct-2021 23:36:09.461 INFO [main] org.apache.catalina.startup.VersionLoggerListener.log Command line argument: -Dignore.endorsed.dirs=
04-Oct-2021 23:36:09.461 INFO [main] org.apache.catalina.startup.VersionLoggerListener.log Command line argument: -Dcatalina.base=C:\Tomcat
04-Oct-2021 23:36:09.462 INFO [main] org.apache.catalina.startup.VersionLoggerListener.log Command line argument: -Dcatalina.home=C:\Tomcat
04-Oct-2021 23:36:09.462 INFO [main] org.apache.catalina.startup.VersionLoggerListener.log Command line argument: -Djava.io.tmpdir=C:\Tomcat\temp
04-Oct-2021 23:36:09.466 INFO [main] org.apache.catalina.core.AprLifecycleListener.lifecycleEvent Loaded Apache Tomcat Native library [1.2.30] using APR version [1.7.0].
04-Oct-2021 23:36:09.466 INFO [main] org.apache.catalina.core.AprLifecycleListener.lifecycleEvent APR capabilities: IPv6 [true], sendfile [true], accept filters [false], random [true], UDS [true].
04-Oct-2021 23:36:09.466 INFO [main] org.apache.catalina.core.AprLifecycleListener.lifecycleEvent APR/OpenSSL configuration: useAprConnector [false], useOpenSSL [true]
04-Oct-2021 23:36:09.471 INFO [main] org.apache.catalina.core.AprLifecycleListener.initializeSSL OpenSSL successfully initialized [OpenSSL 1.1.1k  25 Mar 2021]
04-Oct-2021 23:36:09.725 INFO [main] org.apache.coyote.AbstractProtocol.init Initializing ProtocolHandler ["http-nio-8080"]
04-Oct-2021 23:36:09.745 SEVERE [main] org.apache.catalina.util.LifecycleBase.handleSubClassException Failed to initialize component [Connector[HTTP/1.1-8080]]
	org.apache.catalina.LifecycleException: Protocol handler initialization failed
		at org.apache.catalina.connector.Connector.initInternal(Connector.java:1049)
		at org.apache.catalina.util.LifecycleBase.init(LifecycleBase.java:136)
		at org.apache.catalina.core.StandardService.initInternal(StandardService.java:556)
		at org.apache.catalina.util.LifecycleBase.init(LifecycleBase.java:136)
		at org.apache.catalina.core.StandardServer.initInternal(StandardServer.java:1042)
		at org.apache.catalina.util.LifecycleBase.init(LifecycleBase.java:136)
		at org.apache.catalina.startup.Catalina.load(Catalina.java:724)
		at org.apache.catalina.startup.Catalina.start(Catalina.java:760)
		at java.base/jdk.internal.reflect.NativeMethodAccessorImpl.invoke0(Native Method)
		at java.base/jdk.internal.reflect.NativeMethodAccessorImpl.invoke(NativeMethodAccessorImpl.java:78)
		at java.base/jdk.internal.reflect.DelegatingMethodAccessorImpl.invoke(DelegatingMethodAccessorImpl.java:43)
		at java.base/java.lang.reflect.Method.invoke(Method.java:567)
		at org.apache.catalina.startup.Bootstrap.start(Bootstrap.java:345)
		at org.apache.catalina.startup.Bootstrap.main(Bootstrap.java:476)
	Caused by: java.net.BindException: Address already in use: bind
		at java.base/sun.nio.ch.Net.bind0(Native Method)
		at java.base/sun.nio.ch.Net.bind(Net.java:552)
		at java.base/sun.nio.ch.ServerSocketChannelImpl.netBind(ServerSocketChannelImpl.java:336)
		at java.base/sun.nio.ch.ServerSocketChannelImpl.bind(ServerSocketChannelImpl.java:294)
		at org.apache.tomcat.util.net.NioEndpoint.initServerSocket(NioEndpoint.java:271)
		at org.apache.tomcat.util.net.NioEndpoint.bind(NioEndpoint.java:226)
		at org.apache.tomcat.util.net.AbstractEndpoint.bindWithCleanup(AbstractEndpoint.java:1208)
		at org.apache.tomcat.util.net.AbstractEndpoint.init(AbstractEndpoint.java:1221)
		at org.apache.coyote.AbstractProtocol.init(AbstractProtocol.java:603)
		at org.apache.coyote.http11.AbstractHttp11Protocol.init(AbstractHttp11Protocol.java:80)
		at org.apache.catalina.connector.Connector.initInternal(Connector.java:1046)
		... 13 more
04-Oct-2021 23:36:09.747 INFO [main] org.apache.catalina.startup.Catalina.load Server initialization in [466] milliseconds
04-Oct-2021 23:36:09.800 INFO [main] org.apache.catalina.core.StandardService.startInternal Starting service [Catalina]
04-Oct-2021 23:36:09.800 INFO [main] org.apache.catalina.core.StandardEngine.startInternal Starting Servlet engine: [Apache Tomcat/9.0.52]
04-Oct-2021 23:36:09.812 INFO [main] org.apache.catalina.startup.HostConfig.deployDirectory Deploying web application directory [C:\Tomcat\webapps\app]
04-Oct-2021 23:36:10.473 INFO [main] org.apache.jasper.servlet.TldScanner.scanJars At least one JAR was scanned for TLDs yet contained no TLDs. Enable debug logging for this logger for a complete list of JARs that were scanned but no TLDs were found in them. Skipping unneeded JARs during scanning can improve startup time and JSP compilation time.
04-Oct-2021 23:36:10.554 INFO [main] org.apache.catalina.startup.HostConfig.deployDirectory Deployment of web application directory [C:\Tomcat\webapps\app] has finished in [741] ms
04-Oct-2021 23:36:10.554 INFO [main] org.apache.catalina.startup.HostConfig.deployDirectory Deploying web application directory [C:\Tomcat\webapps\docs]
04-Oct-2021 23:36:10.882 INFO [main] org.apache.jasper.servlet.TldScanner.scanJars At least one JAR was scanned for TLDs yet contained no TLDs. Enable debug logging for this logger for a complete list of JARs that were scanned but no TLDs were found in them. Skipping unneeded JARs during scanning can improve startup time and JSP compilation time.
04-Oct-2021 23:36:10.886 INFO [main] org.apache.catalina.startup.HostConfig.deployDirectory Deployment of web application directory [C:\Tomcat\webapps\docs] has finished in [332] ms
04-Oct-2021 23:36:10.887 INFO [main] org.apache.catalina.startup.HostConfig.deployDirectory Deploying web application directory [C:\Tomcat\webapps\examples]
04-Oct-2021 23:36:11.560 INFO [main] org.apache.jasper.servlet.TldScanner.scanJars At least one JAR was scanned for TLDs yet contained no TLDs. Enable debug logging for this logger for a complete list of JARs that were scanned but no TLDs were found in them. Skipping unneeded JARs during scanning can improve startup time and JSP compilation time.
04-Oct-2021 23:36:11.630 INFO [main] org.apache.catalina.startup.HostConfig.deployDirectory Deployment of web application directory [C:\Tomcat\webapps\examples] has finished in [742] ms
04-Oct-2021 23:36:11.630 INFO [main] org.apache.catalina.startup.HostConfig.deployDirectory Deploying web application directory [C:\Tomcat\webapps\host-manager]
04-Oct-2021 23:36:11.965 INFO [main] org.apache.jasper.servlet.TldScanner.scanJars At least one JAR was scanned for TLDs yet contained no TLDs. Enable debug logging for this logger for a complete list of JARs that were scanned but no TLDs were found in them. Skipping unneeded JARs during scanning can improve startup time and JSP compilation time.
04-Oct-2021 23:36:11.976 INFO [main] org.apache.catalina.startup.HostConfig.deployDirectory Deployment of web application directory [C:\Tomcat\webapps\host-manager] has finished in [345] ms
04-Oct-2021 23:36:11.976 INFO [main] org.apache.catalina.startup.HostConfig.deployDirectory Deploying web application directory [C:\Tomcat\webapps\manager]
04-Oct-2021 23:36:12.286 INFO [main] org.apache.jasper.servlet.TldScanner.scanJars At least one JAR was scanned for TLDs yet contained no TLDs. Enable debug logging for this logger for a complete list of JARs that were scanned but no TLDs were found in them. Skipping unneeded JARs during scanning can improve startup time and JSP compilation time.
04-Oct-2021 23:36:12.291 INFO [main] org.apache.catalina.startup.HostConfig.deployDirectory Deployment of web application directory [C:\Tomcat\webapps\manager] has finished in [315] ms
04-Oct-2021 23:36:12.291 INFO [main] org.apache.catalina.startup.HostConfig.deployDirectory Deploying web application directory [C:\Tomcat\webapps\ROOT]
04-Oct-2021 23:36:12.587 INFO [main] org.apache.jasper.servlet.TldScanner.scanJars At least one JAR was scanned for TLDs yet contained no TLDs. Enable debug logging for this logger for a complete list of JARs that were scanned but no TLDs were found in them. Skipping unneeded JARs during scanning can improve startup time and JSP compilation time.
04-Oct-2021 23:36:12.590 INFO [main] org.apache.catalina.startup.HostConfig.deployDirectory Deployment of web application directory [C:\Tomcat\webapps\ROOT] has finished in [299] ms
04-Oct-2021 23:36:12.595 INFO [main] org.apache.catalina.startup.Catalina.start Server startup in [2844] milliseconds
04-Oct-2021 23:36:12.602 SEVERE [main] org.apache.catalina.core.StandardServer.await Failed to create server shutdown socket on address [localhost] and port [8005] (base port [8005] and offset [0])
	java.net.BindException: Address already in use: bind
		at java.base/sun.nio.ch.Net.bind0(Native Method)
		at java.base/sun.nio.ch.Net.bind(Net.java:552)
		at java.base/sun.nio.ch.Net.bind(Net.java:541)
		at java.base/sun.nio.ch.NioSocketImpl.bind(NioSocketImpl.java:643)
		at java.base/java.net.ServerSocket.bind(ServerSocket.java:395)
		at java.base/java.net.ServerSocket.<init>(ServerSocket.java:281)
		at org.apache.catalina.core.StandardServer.await(StandardServer.java:577)
		at org.apache.catalina.startup.Catalina.await(Catalina.java:864)
		at org.apache.catalina.startup.Catalina.start(Catalina.java:810)
		at java.base/jdk.internal.reflect.NativeMethodAccessorImpl.invoke0(Native Method)
		at java.base/jdk.internal.reflect.NativeMethodAccessorImpl.invoke(NativeMethodAccessorImpl.java:78)
		at java.base/jdk.internal.reflect.DelegatingMethodAccessorImpl.invoke(DelegatingMethodAccessorImpl.java:43)
		at java.base/java.lang.reflect.Method.invoke(Method.java:567)
		at org.apache.catalina.startup.Bootstrap.start(Bootstrap.java:345)
		at org.apache.catalina.startup.Bootstrap.main(Bootstrap.java:476)
04-Oct-2021 23:36:12.604 INFO [main] org.apache.coyote.AbstractProtocol.pause Pausing ProtocolHandler ["http-nio-8080"]
04-Oct-2021 23:36:12.605 INFO [main] org.apache.catalina.core.StandardService.stopInternal Stopping service [Catalina]
04-Oct-2021 23:36:12.630 INFO [main] org.apache.coyote.AbstractProtocol.stop Stopping ProtocolHandler ["http-nio-8080"]
04-Oct-2021 23:36:12.632 INFO [main] org.apache.coyote.AbstractProtocol.destroy Destroying ProtocolHandler ["http-nio-8080"]
04-Oct-2021 23:37:53.825 INFO [main] org.apache.catalina.startup.VersionLoggerListener.log Server version name:   Apache Tomcat/9.0.52
04-Oct-2021 23:37:53.829 INFO [main] org.apache.catalina.startup.VersionLoggerListener.log Server built:          Jul 31 2021 04:12:17 UTC
04-Oct-2021 23:37:53.829 INFO [main] org.apache.catalina.startup.VersionLoggerListener.log Server version number: 9.0.52.0
04-Oct-2021 23:37:53.829 INFO [main] org.apache.catalina.startup.VersionLoggerListener.log OS Name:               Windows 10
04-Oct-2021 23:37:53.829 INFO [main] org.apache.catalina.startup.VersionLoggerListener.log OS Version:            10.0
04-Oct-2021 23:37:53.829 INFO [main] org.apache.catalina.startup.VersionLoggerListener.log Architecture:          amd64
04-Oct-2021 23:37:53.830 INFO [main] org.apache.catalina.startup.VersionLoggerListener.log Java Home:             C:\Program Files\Java\jdk-16.0.2
04-Oct-2021 23:37:53.830 INFO [main] org.apache.catalina.startup.VersionLoggerListener.log JVM Version:           16.0.2+7-67
04-Oct-2021 23:37:53.830 INFO [main] org.apache.catalina.startup.VersionLoggerListener.log JVM Vendor:            Oracle Corporation
04-Oct-2021 23:37:53.830 INFO [main] org.apache.catalina.startup.VersionLoggerListener.log CATALINA_BASE:         C:\Tomcat
04-Oct-2021 23:37:53.830 INFO [main] org.apache.catalina.startup.VersionLoggerListener.log CATALINA_HOME:         C:\Tomcat
04-Oct-2021 23:37:53.847 INFO [main] org.apache.catalina.startup.VersionLoggerListener.log Command line argument: --add-opens=java.base/java.lang=ALL-UNNAMED
04-Oct-2021 23:37:53.847 INFO [main] org.apache.catalina.startup.VersionLoggerListener.log Command line argument: --add-opens=java.base/java.io=ALL-UNNAMED
04-Oct-2021 23:37:53.847 INFO [main] org.apache.catalina.startup.VersionLoggerListener.log Command line argument: --add-opens=java.base/java.util=ALL-UNNAMED
04-Oct-2021 23:37:53.847 INFO [main] org.apache.catalina.startup.VersionLoggerListener.log Command line argument: --add-opens=java.base/java.util.concurrent=ALL-UNNAMED
04-Oct-2021 23:37:53.848 INFO [main] org.apache.catalina.startup.VersionLoggerListener.log Command line argument: --add-opens=java.rmi/sun.rmi.transport=ALL-UNNAMED
04-Oct-2021 23:37:53.849 INFO [main] org.apache.catalina.startup.VersionLoggerListener.log Command line argument: -Djava.util.logging.config.file=C:\Tomcat\conf\logging.properties
04-Oct-2021 23:37:53.849 INFO [main] org.apache.catalina.startup.VersionLoggerListener.log Command line argument: -Djava.util.logging.manager=org.apache.juli.ClassLoaderLogManager
04-Oct-2021 23:37:53.850 INFO [main] org.apache.catalina.startup.VersionLoggerListener.log Command line argument: -Djdk.tls.ephemeralDHKeySize=2048
04-Oct-2021 23:37:53.850 INFO [main] org.apache.catalina.startup.VersionLoggerListener.log Command line argument: -Djava.protocol.handler.pkgs=org.apache.catalina.webresources
04-Oct-2021 23:37:53.851 INFO [main] org.apache.catalina.startup.VersionLoggerListener.log Command line argument: -Dignore.endorsed.dirs=
04-Oct-2021 23:37:53.851 INFO [main] org.apache.catalina.startup.VersionLoggerListener.log Command line argument: -Dcatalina.base=C:\Tomcat
04-Oct-2021 23:37:53.851 INFO [main] org.apache.catalina.startup.VersionLoggerListener.log Command line argument: -Dcatalina.home=C:\Tomcat
04-Oct-2021 23:37:53.852 INFO [main] org.apache.catalina.startup.VersionLoggerListener.log Command line argument: -Djava.io.tmpdir=C:\Tomcat\temp
04-Oct-2021 23:37:53.855 INFO [main] org.apache.catalina.core.AprLifecycleListener.lifecycleEvent Loaded Apache Tomcat Native library [1.2.30] using APR version [1.7.0].
04-Oct-2021 23:37:53.855 INFO [main] org.apache.catalina.core.AprLifecycleListener.lifecycleEvent APR capabilities: IPv6 [true], sendfile [true], accept filters [false], random [true], UDS [true].
04-Oct-2021 23:37:53.855 INFO [main] org.apache.catalina.core.AprLifecycleListener.lifecycleEvent APR/OpenSSL configuration: useAprConnector [false], useOpenSSL [true]
04-Oct-2021 23:37:53.860 INFO [main] org.apache.catalina.core.AprLifecycleListener.initializeSSL OpenSSL successfully initialized [OpenSSL 1.1.1k  25 Mar 2021]
04-Oct-2021 23:37:54.132 INFO [main] org.apache.coyote.AbstractProtocol.init Initializing ProtocolHandler ["http-nio-8080"]
04-Oct-2021 23:37:54.159 INFO [main] org.apache.catalina.startup.Catalina.load Server initialization in [511] milliseconds
04-Oct-2021 23:37:54.214 INFO [main] org.apache.catalina.core.StandardService.startInternal Starting service [Catalina]
04-Oct-2021 23:37:54.214 INFO [main] org.apache.catalina.core.StandardEngine.startInternal Starting Servlet engine: [Apache Tomcat/9.0.52]
04-Oct-2021 23:37:54.226 INFO [main] org.apache.catalina.startup.HostConfig.deployDirectory Deploying web application directory [C:\Tomcat\webapps\app]
04-Oct-2021 23:37:54.914 INFO [main] org.apache.jasper.servlet.TldScanner.scanJars At least one JAR was scanned for TLDs yet contained no TLDs. Enable debug logging for this logger for a complete list of JARs that were scanned but no TLDs were found in them. Skipping unneeded JARs during scanning can improve startup time and JSP compilation time.
04-Oct-2021 23:37:54.999 INFO [main] org.apache.catalina.startup.HostConfig.deployDirectory Deployment of web application directory [C:\Tomcat\webapps\app] has finished in [773] ms
04-Oct-2021 23:37:55.000 INFO [main] org.apache.catalina.startup.HostConfig.deployDirectory Deploying web application directory [C:\Tomcat\webapps\docs]
04-Oct-2021 23:37:55.340 INFO [main] org.apache.jasper.servlet.TldScanner.scanJars At least one JAR was scanned for TLDs yet contained no TLDs. Enable debug logging for this logger for a complete list of JARs that were scanned but no TLDs were found in them. Skipping unneeded JARs during scanning can improve startup time and JSP compilation time.
04-Oct-2021 23:37:55.343 INFO [main] org.apache.catalina.startup.HostConfig.deployDirectory Deployment of web application directory [C:\Tomcat\webapps\docs] has finished in [343] ms
04-Oct-2021 23:37:55.344 INFO [main] org.apache.catalina.startup.HostConfig.deployDirectory Deploying web application directory [C:\Tomcat\webapps\examples]
04-Oct-2021 23:37:56.015 INFO [main] org.apache.jasper.servlet.TldScanner.scanJars At least one JAR was scanned for TLDs yet contained no TLDs. Enable debug logging for this logger for a complete list of JARs that were scanned but no TLDs were found in them. Skipping unneeded JARs during scanning can improve startup time and JSP compilation time.
04-Oct-2021 23:37:56.091 INFO [main] org.apache.catalina.startup.HostConfig.deployDirectory Deployment of web application directory [C:\Tomcat\webapps\examples] has finished in [747] ms
04-Oct-2021 23:37:56.092 INFO [main] org.apache.catalina.startup.HostConfig.deployDirectory Deploying web application directory [C:\Tomcat\webapps\host-manager]
04-Oct-2021 23:37:56.433 INFO [main] org.apache.jasper.servlet.TldScanner.scanJars At least one JAR was scanned for TLDs yet contained no TLDs. Enable debug logging for this logger for a complete list of JARs that were scanned but no TLDs were found in them. Skipping unneeded JARs during scanning can improve startup time and JSP compilation time.
04-Oct-2021 23:37:56.441 INFO [main] org.apache.catalina.startup.HostConfig.deployDirectory Deployment of web application directory [C:\Tomcat\webapps\host-manager] has finished in [349] ms
04-Oct-2021 23:37:56.442 INFO [main] org.apache.catalina.startup.HostConfig.deployDirectory Deploying web application directory [C:\Tomcat\webapps\manager]
04-Oct-2021 23:37:56.776 INFO [main] org.apache.jasper.servlet.TldScanner.scanJars At least one JAR was scanned for TLDs yet contained no TLDs. Enable debug logging for this logger for a complete list of JARs that were scanned but no TLDs were found in them. Skipping unneeded JARs during scanning can improve startup time and JSP compilation time.
04-Oct-2021 23:37:56.781 INFO [main] org.apache.catalina.startup.HostConfig.deployDirectory Deployment of web application directory [C:\Tomcat\webapps\manager] has finished in [340] ms
04-Oct-2021 23:37:56.782 INFO [main] org.apache.catalina.startup.HostConfig.deployDirectory Deploying web application directory [C:\Tomcat\webapps\ROOT]
04-Oct-2021 23:37:57.086 INFO [main] org.apache.jasper.servlet.TldScanner.scanJars At least one JAR was scanned for TLDs yet contained no TLDs. Enable debug logging for this logger for a complete list of JARs that were scanned but no TLDs were found in them. Skipping unneeded JARs during scanning can improve startup time and JSP compilation time.
04-Oct-2021 23:37:57.090 INFO [main] org.apache.catalina.startup.HostConfig.deployDirectory Deployment of web application directory [C:\Tomcat\webapps\ROOT] has finished in [309] ms
04-Oct-2021 23:37:57.093 INFO [main] org.apache.coyote.AbstractProtocol.start Starting ProtocolHandler ["http-nio-8080"]
04-Oct-2021 23:37:57.168 INFO [main] org.apache.catalina.startup.Catalina.start Server startup in [3007] milliseconds
04-Oct-2021 23:48:33.762 INFO [Thread-2] org.apache.coyote.AbstractProtocol.pause Pausing ProtocolHandler ["http-nio-8080"]
04-Oct-2021 23:48:33.777 INFO [Thread-2] org.apache.catalina.core.StandardService.stopInternal Stopping service [Catalina]
04-Oct-2021 23:48:33.799 INFO [Thread-2] org.apache.coyote.AbstractProtocol.stop Stopping ProtocolHandler ["http-nio-8080"]
04-Oct-2021 23:48:33.823 INFO [Thread-2] org.apache.coyote.AbstractProtocol.destroy Destroying ProtocolHandler ["http-nio-8080"]
